| time | clockIn | half | quarter |  eigth  |
| 0    |    0    |   0  |    0    |    0    |
| 0+   |    1    |   1  |    1    |    1    |
| 1    |    1    |   1  |    1    |    1    |
| 1+   |    0    |   1  |    1    |    1    |
| 2    |    0    |   1  |    1    |    1    |
| 2+   |    1    |   0  |    1    |    1    |
| 3    |    1    |   0  |    1    |    1    |
| 3+   |    0    |   0  |    1    |    1    |
| 4    |    0    |   0  |    1    |    1    |
| 4+   |    1    |   1  |    0    |    1    |
| 5    |    1    |   1  |    0    |    1    |
| 6    |    0    |   1  |    0    |    1    |
| 7    |    1    |   0  |    0    |    1    |
| 8    |    0    |   0  |    0    |    1    |
| 9    |    1    |   1  |    1    |    0    |
| 10   |    0    |   1  |    1    |    0    |
| 11   |    1    |   0  |    1    |    0    |
| 12   |    0    |   0  |    1    |    0    |
| 13   |    1    |   1  |    0    |    0    |
| 14   |    0    |   1  |    0    |    0    |
| 15   |    1    |   0  |    0    |    0    |
| 16   |    0    |   0  |    0    |    0    |
| 17   |    1    |   1  |    1    |    1    |
| 18   |    1    |   1  |    1    |    1    |
| 19   |    0    |   1  |    1    |    1    |
| 20   |    0    |   1  |    1    |    1    |
| 21   |    1    |   0  |    1    |    1    |
| 22   |    1    |   0  |    1    |    1    |
| 23   |    0    |   0  |    1    |    1    |
| 24   |    0    |   0  |    1    |    1    |
| 25   |    1    |   1  |    0    |    1    |
| 26   |    1    |   1  |    0    |    1    |
| 27   |    0    |   1  |    0    |    1    |
| 28   |    0    |   1  |    0    |    1    |
| 29   |    1    |   0  |    0    |    1    |
| 30   |    1    |   0  |    0    |    1    |
| 31   |    0    |   0  |    0    |    1    |
| 32   |    0    |   0  |    0    |    1    |
| 33   |    1    |   1  |    1    |    0    |
| 34   |    1    |   1  |    1    |    0    |
| 35   |    0    |   1  |    1    |    0    |
| 36   |    0    |   1  |    1    |    0    |
| 37   |    1    |   0  |    1    |    0    |
| 38   |    1    |   0  |    1    |    0    |
| 39   |    0    |   0  |    1    |    0    |
| 40   |    0    |   0  |    1    |    0    |
| 41   |    1    |   1  |    0    |    0    |
| 42   |    1    |   1  |    0    |    0    |
| 43   |    0    |   1  |    0    |    0    |
| 44   |    0    |   1  |    0    |    0    |
| 45   |    1    |   0  |    0    |    0    |
| 46   |    1    |   0  |    0    |    0    |
| 47   |    0    |   0  |    0    |    0    |
| 48   |    0    |   0  |    0    |    0    |
| 49   |    1    |   1  |    1    |    1    |
| 50   |    1    |   1  |    1    |    1    |
| 51   |    1    |   1  |    1    |    1    |
| 52   |    0    |   1  |    1    |    1    |
| 53   |    0    |   1  |    1    |    1    |
| 54   |    0    |   1  |    1    |    1    |
| 55   |    1    |   0  |    1    |    1    |
| 56   |    1    |   0  |    1    |    1    |
| 57   |    1    |   0  |    1    |    1    |
| 58   |    0    |   0  |    1    |    1    |
| 59   |    0    |   0  |    1    |    1    |
| 60   |    0    |   0  |    1    |    1    |
| 61   |    1    |   1  |    0    |    1    |
| 62   |    1    |   1  |    0    |    1    |
| 63   |    1    |   1  |    0    |    1    |
| 64   |    0    |   1  |    0    |    1    |
| 65   |    0    |   1  |    0    |    1    |
| 66   |    0    |   1  |    0    |    1    |
| 67   |    1    |   0  |    0    |    1    |
| 68   |    1    |   0  |    0    |    1    |
| 69   |    1    |   0  |    0    |    1    |
| 70   |    0    |   0  |    0    |    1    |
| 71   |    0    |   0  |    0    |    1    |
| 72   |    0    |   0  |    0    |    1    |
| 73   |    1    |   1  |    1    |    0    |
| 74   |    1    |   1  |    1    |    0    |
| 75   |    1    |   1  |    1    |    0    |
| 76   |    0    |   1  |    1    |    0    |
| 77   |    0    |   1  |    1    |    0    |
| 78   |    0    |   1  |    1    |    0    |
| 79   |    1    |   0  |    1    |    0    |
| 80   |    1    |   0  |    1    |    0    |
| 81   |    1    |   0  |    1    |    0    |
| 82   |    0    |   0  |    1    |    0    |
| 83   |    0    |   0  |    1    |    0    |
| 84   |    0    |   0  |    1    |    0    |
| 85   |    1    |   1  |    0    |    0    |
| 86   |    1    |   1  |    0    |    0    |
| 87   |    1    |   1  |    0    |    0    |
| 88   |    0    |   1  |    0    |    0    |
| 89   |    0    |   1  |    0    |    0    |
| 90   |    0    |   1  |    0    |    0    |
| 91   |    1    |   0  |    0    |    0    |
| 92   |    1    |   0  |    0    |    0    |
| 93   |    1    |   0  |    0    |    0    |
| 94   |    0    |   0  |    0    |    0    |
| 95   |    0    |   0  |    0    |    0    |
| 96   |    0    |   0  |    0    |    0    |
| 97   |    1    |   1  |    1    |    1    |
| 98   |    1    |   1  |    1    |    1    |
| 99   |    1    |   1  |    1    |    1    |
| 100  |    1    |   1  |    1    |    1    |
| 101  |    0    |   1  |    1    |    1    |
| 102  |    0    |   1  |    1    |    1    |
| 103  |    0    |   1  |    1    |    1    |
| 104  |    0    |   1  |    1    |    1    |
| 105  |    1    |   0  |    1    |    1    |
| 106  |    1    |   0  |    1    |    1    |
| 107  |    1    |   0  |    1    |    1    |
| 108  |    1    |   0  |    1    |    1    |
| 109  |    0    |   0  |    1    |    1    |
| 110  |    0    |   0  |    1    |    1    |
| 111  |    0    |   0  |    1    |    1    |
| 112  |    0    |   0  |    1    |    1    |
| 113  |    1    |   1  |    0    |    1    |
| 114  |    1    |   1  |    0    |    1    |
| 115  |    1    |   1  |    0    |    1    |
| 116  |    1    |   1  |    0    |    1    |
| 117  |    0    |   1  |    0    |    1    |
| 118  |    0    |   1  |    0    |    1    |
| 119  |    0    |   1  |    0    |    1    |
| 120  |    0    |   1  |    0    |    1    |
| 121  |    1    |   0  |    0    |    1    |
| 122  |    1    |   0  |    0    |    1    |
| 123  |    1    |   0  |    0    |    1    |
| 124  |    1    |   0  |    0    |    1    |
| 125  |    0    |   0  |    0    |    1    |
| 126  |    0    |   0  |    0    |    1    |
| 127  |    0    |   0  |    0    |    1    |
| 128  |    0    |   0  |    0    |    1    |
| 129  |    1    |   1  |    1    |    0    |
| 130  |    1    |   1  |    1    |    0    |
| 131  |    1    |   1  |    1    |    0    |
| 132  |    1    |   1  |    1    |    0    |
| 133  |    0    |   1  |    1    |    0    |
| 134  |    0    |   1  |    1    |    0    |
| 135  |    0    |   1  |    1    |    0    |
| 136  |    0    |   1  |    1    |    0    |
| 137  |    1    |   0  |    1    |    0    |
| 138  |    1    |   0  |    1    |    0    |
| 139  |    1    |   0  |    1    |    0    |
| 140  |    1    |   0  |    1    |    0    |
| 141  |    0    |   0  |    1    |    0    |
| 142  |    0    |   0  |    1    |    0    |
| 143  |    0    |   0  |    1    |    0    |
| 144  |    0    |   0  |    1    |    0    |
| 145  |    1    |   1  |    0    |    0    |
| 146  |    1    |   1  |    0    |    0    |
| 147  |    1    |   1  |    0    |    0    |
| 148  |    1    |   1  |    0    |    0    |
| 149  |    0    |   1  |    0    |    0    |
| 150  |    0    |   1  |    0    |    0    |
| 151  |    0    |   1  |    0    |    0    |
| 152  |    0    |   1  |    0    |    0    |
| 153  |    1    |   0  |    0    |    0    |
| 154  |    1    |   0  |    0    |    0    |
| 155  |    1    |   0  |    0    |    0    |
| 156  |    1    |   0  |    0    |    0    |
| 157  |    0    |   0  |    0    |    0    |
| 158  |    0    |   0  |    0    |    0    |
| 159  |    0    |   0  |    0    |    0    |
| 160  |    0    |   0  |    0    |    0    |
