|   time   | reset | clock0  |stateRegister| byte | sda | scl |
| 1        |   1   |    0    |   0000001   |  00  |  0  |  0  |
| 2        |   0   |    0    |   0000010   |  00  |  0  |  1  |
| 63       |   0   |    0    |   0000010   |  00  |  0  |  1  |
| 64       |   0   |    1    |   0000010   |  00  |  0  |  1  |
| 126      |   0   |    1    |   0000010   |  00  |  0  |  1  |
| 127      |   0   |    0    |   0000010   |  00  |  0  |  0  |
| 189      |   0   |    0    |   0000010   |  00  |  0  |  0  |
| 190      |   0   |    1    |   0000010   |  00  |  0  |  0  |
| 252      |   0   |    1    |   0000010   |  00  |  0  |  0  |
| 253      |   0   |    0    |   0000010   |  00  |  0  |  0  |
| 254      |   0   |    0    |   0000100   |  00  |  0  |  0  |
| 315      |   0   |    0    |   0000100   |  00  |  0  |  0  |
| 316      |   0   |    1    |   0000100   |  00  |  0  |  1  |
| 378      |   0   |    1    |   0000100   |  00  |  0  |  1  |
| 379      |   0   |    0    |   0000100   |  00  |  0  |  1  |
| 441      |   0   |    0    |   0000100   |  00  |  0  |  1  |
| 442      |   0   |    1    |   0000100   |  00  |  0  |  0  |
| 504      |   0   |    1    |   0000100   |  00  |  0  |  0  |
| 505      |   0   |    0    |   0000100   |  00  |  0  |  0  |
| 567      |   0   |    0    |   0000100   |  00  |  0  |  0  |
| 568      |   0   |    1    |   0000100   |  00  |  0  |  1  |
| 630      |   0   |    1    |   0000100   |  00  |  0  |  1  |
| 631      |   0   |    0    |   0000100   |  00  |  0  |  1  |
| 693      |   0   |    0    |   0000100   |  00  |  0  |  1  |
| 694      |   0   |    1    |   0000100   |  00  |  0  |  0  |
| 756      |   0   |    1    |   0000100   |  00  |  0  |  0  |
| 757      |   0   |    0    |   0000100   |  00  |  0  |  0  |
| 819      |   0   |    0    |   0000100   |  00  |  0  |  0  |
| 820      |   0   |    1    |   0000100   |  00  |  0  |  1  |
| 882      |   0   |    1    |   0000100   |  00  |  0  |  1  |
| 883      |   0   |    0    |   0000100   |  00  |  0  |  1  |
| 945      |   0   |    0    |   0000100   |  00  |  0  |  1  |
| 946      |   0   |    1    |   0000100   |  00  |  0  |  0  |
| 1008     |   0   |    1    |   0000100   |  00  |  0  |  0  |
| 1009     |   0   |    0    |   0000100   |  00  |  0  |  0  |
| 1071     |   0   |    0    |   0000100   |  00  |  0  |  0  |
| 1072     |   0   |    1    |   0000100   |  00  |  0  |  1  |
| 1134     |   0   |    1    |   0000100   |  00  |  0  |  1  |
| 1135     |   0   |    0    |   0000100   |  00  |  0  |  1  |
| 1197     |   0   |    0    |   0000100   |  00  |  0  |  1  |
| 1198     |   0   |    1    |   0000100   |  00  |  0  |  0  |
| 1259     |   0   |    1    |   0000100   |  00  |  0  |  0  |
| 1260     |   0   |    1    |   0000100   |  00  |  0  |  0  |
| 1322     |   0   |    0    |   0000100   |  00  |  0  |  0  |
| 1323     |   0   |    0    |   0000100   |  00  |  0  |  0  |
| 1385     |   0   |    1    |   0000100   |  00  |  0  |  1  |
| 1386     |   0   |    1    |   0000100   |  00  |  0  |  1  |
| 1448     |   0   |    0    |   0000100   |  00  |  0  |  1  |
| 1449     |   0   |    0    |   0000100   |  00  |  0  |  1  |
| 1511     |   0   |    1    |   0000100   |  00  |  0  |  0  |
| 1512     |   0   |    1    |   0000100   |  00  |  0  |  0  |
| 1574     |   0   |    0    |   0000100   |  00  |  0  |  0  |
| 1575     |   0   |    0    |   0000100   |  00  |  0  |  0  |
| 1637     |   0   |    1    |   0000100   |  00  |  0  |  1  |
| 1638     |   0   |    1    |   0000100   |  00  |  0  |  1  |
| 1700     |   0   |    0    |   0000100   |  00  |  0  |  1  |
| 1701     |   0   |    0    |   0000100   |  00  |  0  |  1  |
| 1763     |   0   |    1    |   0000100   |  00  |  0  |  0  |
| 1764     |   0   |    1    |   0000100   |  00  |  0  |  0  |
| 1826     |   0   |    0    |   0000100   |  00  |  0  |  0  |
| 1827     |   0   |    0    |   0000100   |  00  |  0  |  0  |
| 1889     |   0   |    1    |   0000100   |  00  |  0  |  1  |
| 1890     |   0   |    1    |   0000100   |  00  |  0  |  1  |
| 1952     |   0   |    0    |   0000100   |  00  |  0  |  1  |
| 1953     |   0   |    0    |   0000100   |  00  |  0  |  1  |
| 2015     |   0   |    1    |   0000100   |  00  |  0  |  0  |
| 2016     |   0   |    1    |   0000100   |  00  |  0  |  0  |
| 2078     |   0   |    0    |   0000100   |  00  |  0  |  0  |
| 2079     |   0   |    0    |   0000100   |  00  |  0  |  0  |
| 2141     |   0   |    1    |   0000100   |  00  |  0  |  1  |
| 2142     |   0   |    1    |   0000100   |  00  |  0  |  1  |
| 2204     |   0   |    0    |   0000100   |  00  |  0  |  1  |
| 2205     |   0   |    0    |   0000100   |  00  |  0  |  1  |
| 2267     |   0   |    1    |   0000100   |  00  |  0  |  0  |
| 2268     |   0   |    1    |   0000100   |  00  |  0  |  0  |
| 2330     |   0   |    0    |   0001000   |  00  |  0  |  0  |
| 2331     |   0   |    0    |   0001000   |  00  |  0  |  0  |
| 2393     |   0   |    1    |   0001000   |  00  |  0  |  1  |
| 2394     |   0   |    1    |   0001000   |  00  |  0  |  1  |
| 2456     |   0   |    0    |   0001000   |  00  |  0  |  1  |
| 2457     |   0   |    0    |   0001000   |  00  |  0  |  1  |
| 2519     |   0   |    1    |   0001000   |  00  |  0  |  0  |
| 2520     |   0   |    1    |   0001000   |  00  |  0  |  0  |
| 2582     |   0   |    0    |   0010000   |  3c  |  0  |  0  |
| 2583     |   0   |    0    |   0010000   |  3c  |  0  |  0  |
| 2584     |   0   |    1    |   0010000   |  3c  |  0  |  1  |
| 2645     |   0   |    1    |   0010000   |  3c  |  0  |  1  |
| 2646     |   0   |    1    |   0010000   |  3c  |  0  |  1  |
| 2708     |   0   |    0    |   0010000   |  3c  |  0  |  1  |
| 2709     |   0   |    0    |   0010000   |  3c  |  0  |  1  |
| 2771     |   0   |    1    |   0010000   |  3c  |  0  |  0  |
| 2772     |   0   |    1    |   0010000   |  3c  |  0  |  0  |
| 2834     |   0   |    0    |   0010000   |  3c  |  0  |  0  |
| 2835     |   0   |    0    |   0010000   |  3c  |  0  |  0  |
| 2897     |   0   |    1    |   0010000   |  3c  |  0  |  1  |
| 2898     |   0   |    1    |   0010000   |  3c  |  0  |  1  |
| 2960     |   0   |    0    |   0010000   |  3c  |  0  |  1  |
| 2961     |   0   |    0    |   0010000   |  3c  |  0  |  1  |
| 3023     |   0   |    1    |   0010000   |  3c  |  0  |  0  |
| 3024     |   0   |    1    |   0010000   |  3c  |  0  |  0  |
| 3086     |   0   |    0    |   0010000   |  3c  |  1  |  0  |
| 3087     |   0   |    0    |   0010000   |  3c  |  1  |  0  |
| 3149     |   0   |    1    |   0010000   |  3c  |  1  |  1  |
| 3150     |   0   |    1    |   0010000   |  3c  |  1  |  1  |
| 3212     |   0   |    0    |   0010000   |  3c  |  1  |  1  |
| 3213     |   0   |    0    |   0010000   |  3c  |  1  |  1  |
| 3275     |   0   |    1    |   0010000   |  3c  |  1  |  0  |
| 3276     |   0   |    1    |   0010000   |  3c  |  1  |  0  |
| 3338     |   0   |    0    |   0010000   |  3c  |  1  |  0  |
| 3339     |   0   |    0    |   0010000   |  3c  |  1  |  0  |
| 3401     |   0   |    1    |   0010000   |  3c  |  1  |  1  |
| 3402     |   0   |    1    |   0010000   |  3c  |  1  |  1  |
| 3464     |   0   |    0    |   0010000   |  3c  |  1  |  1  |
| 3465     |   0   |    0    |   0010000   |  3c  |  1  |  1  |
| 3527     |   0   |    1    |   0010000   |  3c  |  1  |  0  |
| 3528     |   0   |    1    |   0010000   |  3c  |  1  |  0  |
| 3589     |   0   |    0    |   0010000   |  3c  |  1  |  0  |
| 3590     |   0   |    0    |   0010000   |  3c  |  1  |  0  |
| 3652     |   0   |    1    |   0010000   |  3c  |  1  |  1  |
| 3653     |   0   |    1    |   0010000   |  3c  |  1  |  1  |
| 3715     |   0   |    0    |   0010000   |  3c  |  1  |  1  |
| 3716     |   0   |    0    |   0010000   |  3c  |  1  |  1  |
| 3778     |   0   |    1    |   0010000   |  3c  |  1  |  0  |
| 3779     |   0   |    1    |   0010000   |  3c  |  1  |  0  |
| 3841     |   0   |    0    |   0010000   |  3c  |  1  |  0  |
| 3842     |   0   |    0    |   0010000   |  3c  |  1  |  0  |
| 3904     |   0   |    1    |   0010000   |  3c  |  1  |  1  |
| 3905     |   0   |    1    |   0010000   |  3c  |  1  |  1  |
| 3967     |   0   |    0    |   0010000   |  3c  |  1  |  1  |
| 3968     |   0   |    0    |   0010000   |  3c  |  1  |  1  |
| 4030     |   0   |    1    |   0010000   |  3c  |  1  |  0  |
| 4031     |   0   |    1    |   0010000   |  3c  |  1  |  0  |
| 4093     |   0   |    0    |   0010000   |  3c  |  0  |  0  |
| 4094     |   0   |    0    |   0010000   |  3c  |  0  |  0  |
| 4156     |   0   |    1    |   0010000   |  3c  |  0  |  1  |
| 4157     |   0   |    1    |   0010000   |  3c  |  0  |  1  |
| 4219     |   0   |    0    |   0010000   |  3c  |  0  |  1  |
| 4220     |   0   |    0    |   0010000   |  3c  |  0  |  1  |
| 4282     |   0   |    1    |   0010000   |  3c  |  0  |  0  |
| 4283     |   0   |    1    |   0010000   |  3c  |  0  |  0  |
| 4345     |   0   |    0    |   0010000   |  3c  |  0  |  0  |
| 4346     |   0   |    0    |   0010000   |  3c  |  0  |  0  |
| 4408     |   0   |    1    |   0010000   |  3c  |  0  |  1  |
| 4409     |   0   |    1    |   0010000   |  3c  |  0  |  1  |
| 4471     |   0   |    0    |   0010000   |  3c  |  0  |  1  |
| 4472     |   0   |    0    |   0010000   |  3c  |  0  |  1  |
| 4534     |   0   |    1    |   0010000   |  3c  |  0  |  0  |
| 4535     |   0   |    1    |   0010000   |  3c  |  0  |  0  |
| 4597     |   0   |    0    |   0100000   |  3c  |  0  |  0  |
| 4598     |   0   |    0    |   0100000   |  3c  |  0  |  0  |
| 4660     |   0   |    1    |   0100000   |  3c  |  0  |  1  |
| 4661     |   0   |    1    |   0100000   |  3c  |  0  |  1  |
| 4723     |   0   |    0    |   0100000   |  3c  |  0  |  1  |
| 4724     |   0   |    0    |   0100000   |  3c  |  0  |  1  |
| 4786     |   0   |    1    |   0100000   |  3c  |  0  |  0  |
| 4787     |   0   |    1    |   0100000   |  3c  |  0  |  0  |
| 4849     |   0   |    0    |   0000100   |  3c  |  0  |  0  |
| 4850     |   0   |    0    |   0000100   |  3c  |  0  |  0  |
| 4912     |   0   |    1    |   0000100   |  3c  |  0  |  1  |
| 4913     |   0   |    1    |   0000100   |  3c  |  0  |  1  |
| 4914     |   0   |    1    |   0000100   |  3c  |  0  |  1  |
| 4975     |   0   |    0    |   0000100   |  3c  |  0  |  1  |
| 4976     |   0   |    0    |   0000100   |  3c  |  0  |  1  |
| 5038     |   0   |    1    |   0000100   |  3c  |  0  |  0  |
| 5039     |   0   |    1    |   0000100   |  3c  |  0  |  0  |
| 5101     |   0   |    0    |   0000100   |  3c  |  0  |  0  |
| 5102     |   0   |    0    |   0000100   |  3c  |  0  |  0  |
| 5164     |   0   |    1    |   0000100   |  3c  |  0  |  1  |
| 5165     |   0   |    1    |   0000100   |  3c  |  0  |  1  |
| 5227     |   0   |    0    |   0000100   |  3c  |  0  |  1  |
| 5228     |   0   |    0    |   0000100   |  3c  |  0  |  1  |
| 5290     |   0   |    1    |   0000100   |  3c  |  0  |  0  |
| 5291     |   0   |    1    |   0000100   |  3c  |  0  |  0  |
| 5353     |   0   |    0    |   0000100   |  3c  |  1  |  0  |
| 5354     |   0   |    0    |   0000100   |  3c  |  1  |  0  |
| 5416     |   0   |    1    |   0000100   |  3c  |  1  |  1  |
| 5417     |   0   |    1    |   0000100   |  3c  |  1  |  1  |
| 5479     |   0   |    0    |   0000100   |  3c  |  1  |  1  |
| 5480     |   0   |    0    |   0000100   |  3c  |  1  |  1  |
| 5542     |   0   |    1    |   0000100   |  3c  |  1  |  0  |
| 5543     |   0   |    1    |   0000100   |  3c  |  1  |  0  |
| 5605     |   0   |    0    |   0000100   |  3c  |  1  |  0  |
| 5606     |   0   |    0    |   0000100   |  3c  |  1  |  0  |
| 5668     |   0   |    1    |   0000100   |  3c  |  1  |  1  |
| 5669     |   0   |    1    |   0000100   |  3c  |  1  |  1  |
| 5731     |   0   |    0    |   0000100   |  3c  |  1  |  1  |
| 5732     |   0   |    0    |   0000100   |  3c  |  1  |  1  |
| 5794     |   0   |    1    |   0000100   |  3c  |  1  |  0  |
| 5795     |   0   |    1    |   0000100   |  3c  |  1  |  0  |
| 5857     |   0   |    0    |   0000100   |  3c  |  1  |  0  |
| 5858     |   0   |    0    |   0000100   |  3c  |  1  |  0  |
| 5919     |   0   |    1    |   0000100   |  3c  |  1  |  1  |
| 5920     |   0   |    1    |   0000100   |  3c  |  1  |  1  |
| 5982     |   0   |    0    |   0000100   |  3c  |  1  |  1  |
| 5983     |   0   |    0    |   0000100   |  3c  |  1  |  1  |
| 6045     |   0   |    1    |   0000100   |  3c  |  1  |  0  |
| 6046     |   0   |    1    |   0000100   |  3c  |  1  |  0  |
| 6108     |   0   |    0    |   0000100   |  3c  |  1  |  0  |
| 6109     |   0   |    0    |   0000100   |  3c  |  1  |  0  |
| 6171     |   0   |    1    |   0000100   |  3c  |  1  |  1  |
| 6172     |   0   |    1    |   0000100   |  3c  |  1  |  1  |
| 6234     |   0   |    0    |   0000100   |  3c  |  1  |  1  |
| 6235     |   0   |    0    |   0000100   |  3c  |  1  |  1  |
| 6297     |   0   |    1    |   0000100   |  3c  |  1  |  0  |
| 6298     |   0   |    1    |   0000100   |  3c  |  1  |  0  |
| 6360     |   0   |    0    |   0000100   |  3c  |  0  |  0  |
| 6361     |   0   |    0    |   0000100   |  3c  |  0  |  0  |
| 6423     |   0   |    1    |   0000100   |  3c  |  0  |  1  |
| 6424     |   0   |    1    |   0000100   |  3c  |  0  |  1  |
| 6486     |   0   |    0    |   0000100   |  3c  |  0  |  1  |
| 6487     |   0   |    0    |   0000100   |  3c  |  0  |  1  |
| 6549     |   0   |    1    |   0000100   |  3c  |  0  |  0  |
| 6550     |   0   |    1    |   0000100   |  3c  |  0  |  0  |
| 6612     |   0   |    0    |   0000100   |  3c  |  0  |  0  |
| 6613     |   0   |    0    |   0000100   |  3c  |  0  |  0  |
| 6675     |   0   |    1    |   0000100   |  3c  |  0  |  1  |
| 6676     |   0   |    1    |   0000100   |  3c  |  0  |  1  |
| 6738     |   0   |    0    |   0000100   |  3c  |  0  |  1  |
| 6739     |   0   |    0    |   0000100   |  3c  |  0  |  1  |
| 6801     |   0   |    1    |   0000100   |  3c  |  0  |  0  |
| 6802     |   0   |    1    |   0000100   |  3c  |  0  |  0  |
| 6864     |   0   |    0    |   0001000   |  3c  |  0  |  0  |
| 6865     |   0   |    0    |   0001000   |  3c  |  0  |  0  |
| 6927     |   0   |    1    |   0001000   |  3c  |  0  |  1  |
| 6928     |   0   |    1    |   0001000   |  3c  |  0  |  1  |
| 6990     |   0   |    0    |   0001000   |  3c  |  0  |  1  |
| 6991     |   0   |    0    |   0001000   |  3c  |  0  |  1  |
| 7053     |   0   |    1    |   0001000   |  3c  |  0  |  0  |
| 7054     |   0   |    1    |   0001000   |  3c  |  0  |  0  |
| 7116     |   0   |    0    |   0010000   |  b0  |  1  |  0  |
| 7117     |   0   |    0    |   0010000   |  b0  |  1  |  0  |
| 7179     |   0   |    1    |   0010000   |  b0  |  1  |  1  |
| 7180     |   0   |    1    |   0010000   |  b0  |  1  |  1  |
| 7242     |   0   |    0    |   0010000   |  b0  |  1  |  1  |
| 7243     |   0   |    0    |   0010000   |  b0  |  1  |  1  |
| 7244     |   0   |    0    |   0010000   |  b0  |  1  |  1  |
| 7305     |   0   |    1    |   0010000   |  b0  |  1  |  0  |
| 7306     |   0   |    1    |   0010000   |  b0  |  1  |  0  |
| 7368     |   0   |    0    |   0010000   |  b0  |  0  |  0  |
| 7369     |   0   |    0    |   0010000   |  b0  |  0  |  0  |
| 7431     |   0   |    1    |   0010000   |  b0  |  0  |  1  |
| 7432     |   0   |    1    |   0010000   |  b0  |  0  |  1  |
| 7494     |   0   |    0    |   0010000   |  b0  |  0  |  1  |
| 7495     |   0   |    0    |   0010000   |  b0  |  0  |  1  |
| 7557     |   0   |    1    |   0010000   |  b0  |  0  |  0  |
| 7558     |   0   |    1    |   0010000   |  b0  |  0  |  0  |
| 7620     |   0   |    0    |   0010000   |  b0  |  1  |  0  |
| 7621     |   0   |    0    |   0010000   |  b0  |  1  |  0  |
| 7683     |   0   |    1    |   0010000   |  b0  |  1  |  1  |
| 7684     |   0   |    1    |   0010000   |  b0  |  1  |  1  |
| 7746     |   0   |    0    |   0010000   |  b0  |  1  |  1  |
| 7747     |   0   |    0    |   0010000   |  b0  |  1  |  1  |
| 7809     |   0   |    1    |   0010000   |  b0  |  1  |  0  |
| 7810     |   0   |    1    |   0010000   |  b0  |  1  |  0  |
| 7872     |   0   |    0    |   0010000   |  b0  |  1  |  0  |
| 7873     |   0   |    0    |   0010000   |  b0  |  1  |  0  |
| 7935     |   0   |    1    |   0010000   |  b0  |  1  |  1  |
| 7936     |   0   |    1    |   0010000   |  b0  |  1  |  1  |
| 7998     |   0   |    0    |   0010000   |  b0  |  1  |  1  |
| 7999     |   0   |    0    |   0010000   |  b0  |  1  |  1  |
| 8061     |   0   |    1    |   0010000   |  b0  |  1  |  0  |
| 8062     |   0   |    1    |   0010000   |  b0  |  1  |  0  |
| 8124     |   0   |    0    |   0010000   |  b0  |  0  |  0  |
| 8125     |   0   |    0    |   0010000   |  b0  |  0  |  0  |
| 8187     |   0   |    1    |   0010000   |  b0  |  0  |  1  |
| 8188     |   0   |    1    |   0010000   |  b0  |  0  |  1  |
| 8249     |   0   |    0    |   0010000   |  b0  |  0  |  1  |
| 8250     |   0   |    0    |   0010000   |  b0  |  0  |  1  |
| 8312     |   0   |    1    |   0010000   |  b0  |  0  |  0  |
| 8313     |   0   |    1    |   0010000   |  b0  |  0  |  0  |
| 8375     |   0   |    0    |   0010000   |  b0  |  0  |  0  |
| 8376     |   0   |    0    |   0010000   |  b0  |  0  |  0  |
| 8438     |   0   |    1    |   0010000   |  b0  |  0  |  1  |
| 8439     |   0   |    1    |   0010000   |  b0  |  0  |  1  |
| 8501     |   0   |    0    |   0010000   |  b0  |  0  |  1  |
| 8502     |   0   |    0    |   0010000   |  b0  |  0  |  1  |
| 8564     |   0   |    1    |   0010000   |  b0  |  0  |  0  |
| 8565     |   0   |    1    |   0010000   |  b0  |  0  |  0  |
| 8627     |   0   |    0    |   0010000   |  b0  |  0  |  0  |
| 8628     |   0   |    0    |   0010000   |  b0  |  0  |  0  |
| 8690     |   0   |    1    |   0010000   |  b0  |  0  |  1  |
| 8691     |   0   |    1    |   0010000   |  b0  |  0  |  1  |
| 8753     |   0   |    0    |   0010000   |  b0  |  0  |  1  |
| 8754     |   0   |    0    |   0010000   |  b0  |  0  |  1  |
| 8816     |   0   |    1    |   0010000   |  b0  |  0  |  0  |
| 8817     |   0   |    1    |   0010000   |  b0  |  0  |  0  |
| 8879     |   0   |    0    |   0010000   |  b0  |  0  |  0  |
| 8880     |   0   |    0    |   0010000   |  b0  |  0  |  0  |
| 8942     |   0   |    1    |   0010000   |  b0  |  0  |  1  |
| 8943     |   0   |    1    |   0010000   |  b0  |  0  |  1  |
| 9005     |   0   |    0    |   0010000   |  b0  |  0  |  1  |
| 9006     |   0   |    0    |   0010000   |  b0  |  0  |  1  |
| 9068     |   0   |    1    |   0010000   |  b0  |  0  |  0  |
| 9069     |   0   |    1    |   0010000   |  b0  |  0  |  0  |
| 9131     |   0   |    0    |   0100000   |  b0  |  0  |  0  |
| 9132     |   0   |    0    |   0100000   |  b0  |  0  |  0  |
| 9194     |   0   |    1    |   0100000   |  b0  |  0  |  1  |
| 9195     |   0   |    1    |   0100000   |  b0  |  0  |  1  |
| 9257     |   0   |    0    |   0100000   |  b0  |  0  |  1  |
| 9258     |   0   |    0    |   0100000   |  b0  |  0  |  1  |
| 9320     |   0   |    1    |   0100000   |  b0  |  0  |  0  |
| 9321     |   0   |    1    |   0100000   |  b0  |  0  |  0  |
| 9383     |   0   |    0    |   1000000   |  b0  |  0  |  1  |
| 9384     |   0   |    0    |   1000000   |  b0  |  0  |  1  |
| 9446     |   0   |    1    |   1000000   |  b0  |  0  |  1  |
| 9447     |   0   |    1    |   1000000   |  b0  |  0  |  1  |
| 9509     |   0   |    0    |   1000000   |  b0  |  1  |  1  |
| 9510     |   0   |    0    |   1000000   |  b0  |  1  |  1  |
| 9572     |   0   |    1    |   1000000   |  b0  |  1  |  1  |
| 9573     |   0   |    1    |   1000000   |  b0  |  1  |  1  |
| 9635     |   0   |    0    |   0000000   |  b0  |  1  |  1  |
| 9636     |   0   |    0    |   0000000   |  b0  |  1  |  1  |
| 9698     |   0   |    1    |   0000000   |  b0  |  1  |  1  |
| 9699     |   0   |    1    |   0000000   |  b0  |  1  |  1  |
| 9761     |   0   |    0    |   0000000   |  b0  |  1  |  1  |
| 9762     |   0   |    0    |   0000000   |  b0  |  1  |  1  |
| 9824     |   0   |    1    |   0000000   |  b0  |  1  |  1  |
| 9825     |   0   |    1    |   0000000   |  b0  |  1  |  1  |
