| time | clockIn | half | quarter |  eigth  | sixteenth |
| 0    |    0    |   0  |    0    |    0    |     0     |
| 1    |    1    |   1  |    1    |    1    |     1     |
| 2    |    0    |   1  |    1    |    1    |     1     |
| 3    |    1    |   0  |    1    |    1    |     1     |
| 4    |    0    |   0  |    1    |    1    |     1     |
| 5    |    1    |   1  |    0    |    1    |     1     |
| 6    |    0    |   1  |    0    |    1    |     1     |
| 7    |    1    |   0  |    0    |    1    |     1     |
| 8    |    0    |   0  |    0    |    1    |     1     |
| 9    |    1    |   1  |    1    |    0    |     1     |
| 10   |    0    |   1  |    1    |    0    |     1     |
| 11   |    1    |   0  |    1    |    0    |     1     |
| 12   |    0    |   0  |    1    |    0    |     1     |
| 13   |    1    |   1  |    0    |    0    |     1     |
| 14   |    0    |   1  |    0    |    0    |     1     |
| 15   |    1    |   0  |    0    |    0    |     1     |
| 16   |    0    |   0  |    0    |    0    |     1     |
| 17   |    1    |   1  |    1    |    1    |     0     |
| 18   |    0    |   1  |    1    |    1    |     0     |
| 19   |    1    |   0  |    1    |    1    |     0     |
| 20   |    0    |   0  |    1    |    1    |     0     |
| 21   |    1    |   1  |    0    |    1    |     0     |
| 22   |    0    |   1  |    0    |    1    |     0     |
| 23   |    1    |   0  |    0    |    1    |     0     |
| 24   |    0    |   0  |    0    |    1    |     0     |
| 25   |    1    |   1  |    1    |    0    |     0     |
| 26   |    0    |   1  |    1    |    0    |     0     |
| 27   |    1    |   0  |    1    |    0    |     0     |
| 28   |    0    |   0  |    1    |    0    |     0     |
| 29   |    1    |   1  |    0    |    0    |     0     |
| 30   |    0    |   1  |    0    |    0    |     0     |
| 31   |    1    |   0  |    0    |    0    |     0     |
| 32   |    0    |   0  |    0    |    0    |     0     |
| 33   |    1    |   1  |    1    |    1    |     1     |
| 34   |    1    |   1  |    1    |    1    |     1     |
| 35   |    0    |   1  |    1    |    1    |     1     |
| 36   |    0    |   1  |    1    |    1    |     1     |
| 37   |    1    |   0  |    1    |    1    |     1     |
| 38   |    1    |   0  |    1    |    1    |     1     |
| 39   |    0    |   0  |    1    |    1    |     1     |
| 40   |    0    |   0  |    1    |    1    |     1     |
| 41   |    1    |   1  |    0    |    1    |     1     |
| 42   |    1    |   1  |    0    |    1    |     1     |
| 43   |    0    |   1  |    0    |    1    |     1     |
| 44   |    0    |   1  |    0    |    1    |     1     |
| 45   |    1    |   0  |    0    |    1    |     1     |
| 46   |    1    |   0  |    0    |    1    |     1     |
| 47   |    0    |   0  |    0    |    1    |     1     |
| 48   |    0    |   0  |    0    |    1    |     1     |
| 49   |    1    |   1  |    1    |    0    |     1     |
| 50   |    1    |   1  |    1    |    0    |     1     |
| 51   |    0    |   1  |    1    |    0    |     1     |
| 52   |    0    |   1  |    1    |    0    |     1     |
| 53   |    1    |   0  |    1    |    0    |     1     |
| 54   |    1    |   0  |    1    |    0    |     1     |
| 55   |    0    |   0  |    1    |    0    |     1     |
| 56   |    0    |   0  |    1    |    0    |     1     |
| 57   |    1    |   1  |    0    |    0    |     1     |
| 58   |    1    |   1  |    0    |    0    |     1     |
| 59   |    0    |   1  |    0    |    0    |     1     |
| 60   |    0    |   1  |    0    |    0    |     1     |
| 61   |    1    |   0  |    0    |    0    |     1     |
| 62   |    1    |   0  |    0    |    0    |     1     |
| 63   |    0    |   0  |    0    |    0    |     1     |
| 64   |    0    |   0  |    0    |    0    |     1     |
| 65   |    1    |   1  |    1    |    1    |     0     |
| 66   |    1    |   1  |    1    |    1    |     0     |
| 67   |    0    |   1  |    1    |    1    |     0     |
| 68   |    0    |   1  |    1    |    1    |     0     |
| 69   |    1    |   0  |    1    |    1    |     0     |
| 70   |    1    |   0  |    1    |    1    |     0     |
| 71   |    0    |   0  |    1    |    1    |     0     |
| 72   |    0    |   0  |    1    |    1    |     0     |
| 73   |    1    |   1  |    0    |    1    |     0     |
| 74   |    1    |   1  |    0    |    1    |     0     |
| 75   |    0    |   1  |    0    |    1    |     0     |
| 76   |    0    |   1  |    0    |    1    |     0     |
| 77   |    1    |   0  |    0    |    1    |     0     |
| 78   |    1    |   0  |    0    |    1    |     0     |
| 79   |    0    |   0  |    0    |    1    |     0     |
| 80   |    0    |   0  |    0    |    1    |     0     |
| 81   |    1    |   1  |    1    |    0    |     0     |
| 82   |    1    |   1  |    1    |    0    |     0     |
| 83   |    0    |   1  |    1    |    0    |     0     |
| 84   |    0    |   1  |    1    |    0    |     0     |
| 85   |    1    |   0  |    1    |    0    |     0     |
| 86   |    1    |   0  |    1    |    0    |     0     |
| 87   |    0    |   0  |    1    |    0    |     0     |
| 88   |    0    |   0  |    1    |    0    |     0     |
| 89   |    1    |   1  |    0    |    0    |     0     |
| 90   |    1    |   1  |    0    |    0    |     0     |
| 91   |    0    |   1  |    0    |    0    |     0     |
| 92   |    0    |   1  |    0    |    0    |     0     |
| 93   |    1    |   0  |    0    |    0    |     0     |
| 94   |    1    |   0  |    0    |    0    |     0     |
| 95   |    0    |   0  |    0    |    0    |     0     |
| 96   |    0    |   0  |    0    |    0    |     0     |
| 97   |    1    |   1  |    1    |    1    |     1     |
| 98   |    1    |   1  |    1    |    1    |     1     |
| 99   |    1    |   1  |    1    |    1    |     1     |
| 100  |    0    |   1  |    1    |    1    |     1     |
| 101  |    0    |   1  |    1    |    1    |     1     |
| 102  |    0    |   1  |    1    |    1    |     1     |
| 103  |    1    |   0  |    1    |    1    |     1     |
| 104  |    1    |   0  |    1    |    1    |     1     |
| 105  |    1    |   0  |    1    |    1    |     1     |
| 106  |    0    |   0  |    1    |    1    |     1     |
| 107  |    0    |   0  |    1    |    1    |     1     |
| 108  |    0    |   0  |    1    |    1    |     1     |
| 109  |    1    |   1  |    0    |    1    |     1     |
| 110  |    1    |   1  |    0    |    1    |     1     |
| 111  |    1    |   1  |    0    |    1    |     1     |
| 112  |    0    |   1  |    0    |    1    |     1     |
| 113  |    0    |   1  |    0    |    1    |     1     |
| 114  |    0    |   1  |    0    |    1    |     1     |
| 115  |    1    |   0  |    0    |    1    |     1     |
| 116  |    1    |   0  |    0    |    1    |     1     |
| 117  |    1    |   0  |    0    |    1    |     1     |
| 118  |    0    |   0  |    0    |    1    |     1     |
| 119  |    0    |   0  |    0    |    1    |     1     |
| 120  |    0    |   0  |    0    |    1    |     1     |
| 121  |    1    |   1  |    1    |    0    |     1     |
| 122  |    1    |   1  |    1    |    0    |     1     |
| 123  |    1    |   1  |    1    |    0    |     1     |
| 124  |    0    |   1  |    1    |    0    |     1     |
| 125  |    0    |   1  |    1    |    0    |     1     |
| 126  |    0    |   1  |    1    |    0    |     1     |
| 127  |    1    |   0  |    1    |    0    |     1     |
| 128  |    1    |   0  |    1    |    0    |     1     |
| 129  |    1    |   0  |    1    |    0    |     1     |
| 130  |    0    |   0  |    1    |    0    |     1     |
| 131  |    0    |   0  |    1    |    0    |     1     |
| 132  |    0    |   0  |    1    |    0    |     1     |
| 133  |    1    |   1  |    0    |    0    |     1     |
| 134  |    1    |   1  |    0    |    0    |     1     |
| 135  |    1    |   1  |    0    |    0    |     1     |
| 136  |    0    |   1  |    0    |    0    |     1     |
| 137  |    0    |   1  |    0    |    0    |     1     |
| 138  |    0    |   1  |    0    |    0    |     1     |
| 139  |    1    |   0  |    0    |    0    |     1     |
| 140  |    1    |   0  |    0    |    0    |     1     |
| 141  |    1    |   0  |    0    |    0    |     1     |
| 142  |    0    |   0  |    0    |    0    |     1     |
| 143  |    0    |   0  |    0    |    0    |     1     |
| 144  |    0    |   0  |    0    |    0    |     1     |
| 145  |    1    |   1  |    1    |    1    |     0     |
| 146  |    1    |   1  |    1    |    1    |     0     |
| 147  |    1    |   1  |    1    |    1    |     0     |
| 148  |    0    |   1  |    1    |    1    |     0     |
| 149  |    0    |   1  |    1    |    1    |     0     |
| 150  |    0    |   1  |    1    |    1    |     0     |
| 151  |    1    |   0  |    1    |    1    |     0     |
| 152  |    1    |   0  |    1    |    1    |     0     |
| 153  |    1    |   0  |    1    |    1    |     0     |
| 154  |    0    |   0  |    1    |    1    |     0     |
| 155  |    0    |   0  |    1    |    1    |     0     |
| 156  |    0    |   0  |    1    |    1    |     0     |
| 157  |    1    |   1  |    0    |    1    |     0     |
| 158  |    1    |   1  |    0    |    1    |     0     |
| 159  |    1    |   1  |    0    |    1    |     0     |
| 160  |    0    |   1  |    0    |    1    |     0     |
| 161  |    0    |   1  |    0    |    1    |     0     |
| 162  |    0    |   1  |    0    |    1    |     0     |
| 163  |    1    |   0  |    0    |    1    |     0     |
| 164  |    1    |   0  |    0    |    1    |     0     |
| 165  |    1    |   0  |    0    |    1    |     0     |
| 166  |    0    |   0  |    0    |    1    |     0     |
| 167  |    0    |   0  |    0    |    1    |     0     |
| 168  |    0    |   0  |    0    |    1    |     0     |
| 169  |    1    |   1  |    1    |    0    |     0     |
| 170  |    1    |   1  |    1    |    0    |     0     |
| 171  |    1    |   1  |    1    |    0    |     0     |
| 172  |    0    |   1  |    1    |    0    |     0     |
| 173  |    0    |   1  |    1    |    0    |     0     |
| 174  |    0    |   1  |    1    |    0    |     0     |
| 175  |    1    |   0  |    1    |    0    |     0     |
| 176  |    1    |   0  |    1    |    0    |     0     |
| 177  |    1    |   0  |    1    |    0    |     0     |
| 178  |    0    |   0  |    1    |    0    |     0     |
| 179  |    0    |   0  |    1    |    0    |     0     |
| 180  |    0    |   0  |    1    |    0    |     0     |
| 181  |    1    |   1  |    0    |    0    |     0     |
| 182  |    1    |   1  |    0    |    0    |     0     |
| 183  |    1    |   1  |    0    |    0    |     0     |
| 184  |    0    |   1  |    0    |    0    |     0     |
| 185  |    0    |   1  |    0    |    0    |     0     |
| 186  |    0    |   1  |    0    |    0    |     0     |
| 187  |    1    |   0  |    0    |    0    |     0     |
| 188  |    1    |   0  |    0    |    0    |     0     |
| 189  |    1    |   0  |    0    |    0    |     0     |
| 190  |    0    |   0  |    0    |    0    |     0     |
| 191  |    0    |   0  |    0    |    0    |     0     |
| 192  |    0    |   0  |    0    |    0    |     0     |
| 193  |    1    |   1  |    1    |    1    |     1     |
| 194  |    1    |   1  |    1    |    1    |     1     |
| 195  |    1    |   1  |    1    |    1    |     1     |
| 196  |    1    |   1  |    1    |    1    |     1     |
| 197  |    0    |   1  |    1    |    1    |     1     |
| 198  |    0    |   1  |    1    |    1    |     1     |
| 199  |    0    |   1  |    1    |    1    |     1     |
| 200  |    0    |   1  |    1    |    1    |     1     |
| 201  |    1    |   0  |    1    |    1    |     1     |
| 202  |    1    |   0  |    1    |    1    |     1     |
| 203  |    1    |   0  |    1    |    1    |     1     |
| 204  |    1    |   0  |    1    |    1    |     1     |
| 205  |    0    |   0  |    1    |    1    |     1     |
| 206  |    0    |   0  |    1    |    1    |     1     |
| 207  |    0    |   0  |    1    |    1    |     1     |
| 208  |    0    |   0  |    1    |    1    |     1     |
| 209  |    1    |   1  |    0    |    1    |     1     |
| 210  |    1    |   1  |    0    |    1    |     1     |
| 211  |    1    |   1  |    0    |    1    |     1     |
| 212  |    1    |   1  |    0    |    1    |     1     |
| 213  |    0    |   1  |    0    |    1    |     1     |
| 214  |    0    |   1  |    0    |    1    |     1     |
| 215  |    0    |   1  |    0    |    1    |     1     |
| 216  |    0    |   1  |    0    |    1    |     1     |
| 217  |    1    |   0  |    0    |    1    |     1     |
| 218  |    1    |   0  |    0    |    1    |     1     |
| 219  |    1    |   0  |    0    |    1    |     1     |
| 220  |    1    |   0  |    0    |    1    |     1     |
| 221  |    0    |   0  |    0    |    1    |     1     |
| 222  |    0    |   0  |    0    |    1    |     1     |
| 223  |    0    |   0  |    0    |    1    |     1     |
| 224  |    0    |   0  |    0    |    1    |     1     |
| 225  |    1    |   1  |    1    |    0    |     1     |
| 226  |    1    |   1  |    1    |    0    |     1     |
| 227  |    1    |   1  |    1    |    0    |     1     |
| 228  |    1    |   1  |    1    |    0    |     1     |
| 229  |    0    |   1  |    1    |    0    |     1     |
| 230  |    0    |   1  |    1    |    0    |     1     |
| 231  |    0    |   1  |    1    |    0    |     1     |
| 232  |    0    |   1  |    1    |    0    |     1     |
| 233  |    1    |   0  |    1    |    0    |     1     |
| 234  |    1    |   0  |    1    |    0    |     1     |
| 235  |    1    |   0  |    1    |    0    |     1     |
| 236  |    1    |   0  |    1    |    0    |     1     |
| 237  |    0    |   0  |    1    |    0    |     1     |
| 238  |    0    |   0  |    1    |    0    |     1     |
| 239  |    0    |   0  |    1    |    0    |     1     |
| 240  |    0    |   0  |    1    |    0    |     1     |
| 241  |    1    |   1  |    0    |    0    |     1     |
| 242  |    1    |   1  |    0    |    0    |     1     |
| 243  |    1    |   1  |    0    |    0    |     1     |
| 244  |    1    |   1  |    0    |    0    |     1     |
| 245  |    0    |   1  |    0    |    0    |     1     |
| 246  |    0    |   1  |    0    |    0    |     1     |
| 247  |    0    |   1  |    0    |    0    |     1     |
| 248  |    0    |   1  |    0    |    0    |     1     |
| 249  |    1    |   0  |    0    |    0    |     1     |
| 250  |    1    |   0  |    0    |    0    |     1     |
| 251  |    1    |   0  |    0    |    0    |     1     |
| 252  |    1    |   0  |    0    |    0    |     1     |
| 253  |    0    |   0  |    0    |    0    |     1     |
| 254  |    0    |   0  |    0    |    0    |     1     |
| 255  |    0    |   0  |    0    |    0    |     1     |
| 256  |    0    |   0  |    0    |    0    |     1     |
| 257  |    1    |   1  |    1    |    1    |     0     |
| 258  |    1    |   1  |    1    |    1    |     0     |
| 259  |    1    |   1  |    1    |    1    |     0     |
| 260  |    1    |   1  |    1    |    1    |     0     |
| 261  |    0    |   1  |    1    |    1    |     0     |
| 262  |    0    |   1  |    1    |    1    |     0     |
| 263  |    0    |   1  |    1    |    1    |     0     |
| 264  |    0    |   1  |    1    |    1    |     0     |
| 265  |    1    |   0  |    1    |    1    |     0     |
| 266  |    1    |   0  |    1    |    1    |     0     |
| 267  |    1    |   0  |    1    |    1    |     0     |
| 268  |    1    |   0  |    1    |    1    |     0     |
| 269  |    0    |   0  |    1    |    1    |     0     |
| 270  |    0    |   0  |    1    |    1    |     0     |
| 271  |    0    |   0  |    1    |    1    |     0     |
| 272  |    0    |   0  |    1    |    1    |     0     |
| 273  |    1    |   1  |    0    |    1    |     0     |
| 274  |    1    |   1  |    0    |    1    |     0     |
| 275  |    1    |   1  |    0    |    1    |     0     |
| 276  |    1    |   1  |    0    |    1    |     0     |
| 277  |    0    |   1  |    0    |    1    |     0     |
| 278  |    0    |   1  |    0    |    1    |     0     |
| 279  |    0    |   1  |    0    |    1    |     0     |
| 280  |    0    |   1  |    0    |    1    |     0     |
| 281  |    1    |   0  |    0    |    1    |     0     |
| 282  |    1    |   0  |    0    |    1    |     0     |
| 283  |    1    |   0  |    0    |    1    |     0     |
| 284  |    1    |   0  |    0    |    1    |     0     |
| 285  |    0    |   0  |    0    |    1    |     0     |
| 286  |    0    |   0  |    0    |    1    |     0     |
| 287  |    0    |   0  |    0    |    1    |     0     |
| 288  |    0    |   0  |    0    |    1    |     0     |
| 289  |    1    |   1  |    1    |    0    |     0     |
| 290  |    1    |   1  |    1    |    0    |     0     |
| 291  |    1    |   1  |    1    |    0    |     0     |
| 292  |    1    |   1  |    1    |    0    |     0     |
| 293  |    0    |   1  |    1    |    0    |     0     |
| 294  |    0    |   1  |    1    |    0    |     0     |
| 295  |    0    |   1  |    1    |    0    |     0     |
| 296  |    0    |   1  |    1    |    0    |     0     |
| 297  |    1    |   0  |    1    |    0    |     0     |
| 298  |    1    |   0  |    1    |    0    |     0     |
| 299  |    1    |   0  |    1    |    0    |     0     |
| 300  |    1    |   0  |    1    |    0    |     0     |
| 301  |    0    |   0  |    1    |    0    |     0     |
| 302  |    0    |   0  |    1    |    0    |     0     |
| 303  |    0    |   0  |    1    |    0    |     0     |
| 304  |    0    |   0  |    1    |    0    |     0     |
| 305  |    1    |   1  |    0    |    0    |     0     |
| 306  |    1    |   1  |    0    |    0    |     0     |
| 307  |    1    |   1  |    0    |    0    |     0     |
| 308  |    1    |   1  |    0    |    0    |     0     |
| 309  |    0    |   1  |    0    |    0    |     0     |
| 310  |    0    |   1  |    0    |    0    |     0     |
| 311  |    0    |   1  |    0    |    0    |     0     |
| 312  |    0    |   1  |    0    |    0    |     0     |
| 313  |    1    |   0  |    0    |    0    |     0     |
| 314  |    1    |   0  |    0    |    0    |     0     |
| 315  |    1    |   0  |    0    |    0    |     0     |
| 316  |    1    |   0  |    0    |    0    |     0     |
| 317  |    0    |   0  |    0    |    0    |     0     |
| 318  |    0    |   0  |    0    |    0    |     0     |
| 319  |    0    |   0  |    0    |    0    |     0     |
| 320  |    0    |   0  |    0    |    0    |     0     |
